date: 2013-11-21 11:24:53.131
argv: d:\Program Files (x86)\nodejs\node.exe c:\Users\Administrator\AppData\Roaming\npm\node_modules\hexo\bin\hexo g --debug
os: Windows_NT 6.1.7601 win32 x64
version:
  hexo: 2.3.0
  http_parser: 1.0
  node: 0.10.22
  v8: 3.14.5.9
  ares: 1.9.0-DEV
  uv: 0.10.19
  zlib: 1.2.3
  modules: 11
  openssl: 1.0.1e
---

[debug] 11:24:53.141 Configuration file load successfully
[debug] 11:24:53.147 Version info checked successfully
[debug] 11:24:53.148 Loading the database...
[debug] 11:24:53.579 Theme layout loaded
[debug] 11:24:53.588 Theme configuration loaded
[debug] 11:24:53.590 Processed: CNAME
[debug] 11:24:53.600 Processed: favicon.ico
[debug] 11:24:53.610 Processed: _posts/hello-world.md
[debug] 11:24:53.618 Theme i18n loaded
[debug] 11:24:53.620 Theme source loaded
[debug] 11:24:53.626 Cache saved
[info] 11:24:53.627 Files loaded in 0.243s
[debug] 11:24:53.631 Render archive: archives/
[debug] 11:24:53.633 Render archive: archives/2013/
[debug] 11:24:53.634 Render archive: archives/2013/11/
[debug] 11:24:53.635 Public folder cleared: CNAME,favicon.ico,fancybox\blank.gif,fancybox\fancybox_loading.gif,fancybox\fancybox_loading@2x.gif,fancybox\fancybox_overlay.png,fancybox\fancybox_sprite@2x.png,fancybox\fancybox_sprite.png,fancybox\jquery.fancybox.css,fancybox\jquery.fancybox.pack.js,js\gallery.js,js\jquery.imagesloaded.min.js,css\style.css,css\font\fontawesome-webfont.eot,css\font\fontawesome-webfont.svg,css\font\fontawesome-webfont.ttf,css\font\fontawesome-webfont.woff,archives\index.html,archives\2013\index.html,archives\2013\11\index.html,index.html,2013\11\21\hello-world\index.html
[debug] 11:24:53.643 Render index: 
[debug] 11:24:53.644 Render post: 2013/11/21/hello-world/
[create] 11:24:53.938 Public: archives\2013\index.html
[create] 11:24:53.940 Public: archives\index.html
